# JRE version: Java(TM) SE Runtime Environment (8.0-b132) (build 1.8.0-b132)
# Java VM: Java HotSpot(TM) 64-Bit Server VM (25.0-b70 mixed mode windows-amd64 compressed oops)
Heap:
 PSYoungGen      total 198144K, used 192973K [0x00000000f0000000, 0x00000000ff680000, 0x0000000100000000)
  eden space 164864K, 96% used [0x00000000f0000000,0x00000000f9bf6fe8,0x00000000fa100000)
  from space 33280K, 99% used [0x00000000fa100000,0x00000000fc17c540,0x00000000fc180000)
  to   space 38912K, 0% used [0x00000000fd080000,0x00000000fd080000,0x00000000ff680000)
 ParOldGen       total 77312K, used 61544K [0x00000000d0000000, 0x00000000d4b80000, 0x00000000f0000000)
  object space 77312K, 79% used [0x00000000d0000000,0x00000000d3c1a3e0,0x00000000d4b80000)
 Metaspace       used 57546K, capacity 58950K, committed 59104K, reserved 1101824K
  class space    used 6420K, capacity 6828K, committed 6912K, reserved 1048576K
GC Heap History (10 events):
Event: 14.713 GC heap before
{Heap before GC invocations=78 (full 7):
 PSYoungGen      total 179712K, used 155433K [0x00000000f0000000, 0x00000000fce00000, 0x0000000100000000)
  eden space 152576K, 96% used [0x00000000f0000000,0x00000000f9049ee8,0x00000000f9500000)
  from space 27136K, 28% used [0x00000000fb380000,0x00000000fbb00650,0x00000000fce00000)
  to   space 29184K, 0% used [0x00000000f9500000,0x00000000f9500000,0x00000000fb180000)
 ParOldGen       total 77312K, used 61311K [0x00000000d0000000, 0x00000000d4b80000, 0x00000000f0000000)
  object space 77312K, 79% used [0x00000000d0000000,0x00000000d3bdff20,0x00000000d4b80000)
 Metaspace       used 52140K, capacity 53340K, committed 53472K, reserved 1097728K
  class space    used 5736K, capacity 6112K, committed 6144K, reserved 1048576K
Event: 14.724 GC heap after
Heap after GC invocations=78 (full 7):
 PSYoungGen      total 181760K, used 9762K [0x00000000f0000000, 0x00000000fd280000, 0x0000000100000000)
  eden space 152576K, 0% used [0x00000000f0000000,0x00000000f0000000,0x00000000f9500000)
  from space 29184K, 33% used [0x00000000f9500000,0x00000000f9e88bc0,0x00000000fb180000)
  to   space 27648K, 0% used [0x00000000fb780000,0x00000000fb780000,0x00000000fd280000)
 ParOldGen       total 77312K, used 61319K [0x00000000d0000000, 0x00000000d4b80000, 0x00000000f0000000)
  object space 77312K, 79% used [0x00000000d0000000,0x00000000d3be1f20,0x00000000d4b80000)
 Metaspace       used 52140K, capacity 53340K, committed 53472K, reserved 1097728K
  class space    used 5736K, capacity 6112K, committed 6144K, reserved 1048576K
}
Event: 15.327 GC heap before
{Heap before GC invocations=79 (full 7):
 PSYoungGen      total 181760K, used 162338K [0x00000000f0000000, 0x00000000fd280000, 0x0000000100000000)
  eden space 152576K, 100% used [0x00000000f0000000,0x00000000f9500000,0x00000000f9500000)
  from space 29184K, 33% used [0x00000000f9500000,0x00000000f9e88bc0,0x00000000fb180000)
  to   space 27648K, 0% used [0x00000000fb780000,0x00000000fb780000,0x00000000fd280000)
 ParOldGen       total 77312K, used 61319K [0x00000000d0000000, 0x00000000d4b80000, 0x00000000f0000000)
  object space 77312K, 79% used [0x00000000d0000000,0x00000000d3be1f20,0x00000000d4b80000)
 Metaspace       used 53094K, capacity 54292K, committed 54624K, reserved 1097728K
  class space    used 5849K, capacity 6212K, committed 6272K, reserved 1048576K
Event: 15.344 GC heap after
Heap after GC invocations=79 (full 7):
 PSYoungGen      total 187904K, used 12866K [0x00000000f0000000, 0x00000000fd200000, 0x0000000100000000)
  eden space 160768K, 0% used [0x00000000f0000000,0x00000000f0000000,0x00000000f9d00000)
  from space 27136K, 47% used [0x00000000fb780000,0x00000000fc4109e0,0x00000000fd200000)
  to   space 27136K, 0% used [0x00000000f9d00000,0x00000000f9d00000,0x00000000fb780000)
 ParOldGen       total 77312K, used 61319K [0x00000000d0000000, 0x00000000d4b80000, 0x00000000f0000000)
  object space 77312K, 79% used [0x00000000d0000000,0x00000000d3be1f20,0x00000000d4b80000)
 Metaspace       used 53094K, capacity 54292K, committed 54624K, reserved 1097728K
  class space    used 5849K, capacity 6212K, committed 6272K, reserved 1048576K
}
Event: 16.115 GC heap before
{Heap before GC invocations=80 (full 7):
 PSYoungGen      total 187904K, used 173634K [0x00000000f0000000, 0x00000000fd200000, 0x0000000100000000)
  eden space 160768K, 100% used [0x00000000f0000000,0x00000000f9d00000,0x00000000f9d00000)
  from space 27136K, 47% used [0x00000000fb780000,0x00000000fc4109e0,0x00000000fd200000)
  to   space 27136K, 0% used [0x00000000f9d00000,0x00000000f9d00000,0x00000000fb780000)
 ParOldGen       total 77312K, used 61319K [0x00000000d0000000, 0x00000000d4b80000, 0x00000000f0000000)
  object space 77312K, 79% used [0x00000000d0000000,0x00000000d3be1f20,0x00000000d4b80000)
 Metaspace       used 53909K, capacity 55110K, committed 55264K, reserved 1097728K
  class space    used 5954K, capacity 6327K, committed 6400K, reserved 1048576K
Event: 16.134 GC heap after
Heap after GC invocations=80 (full 7):
 PSYoungGen      total 187904K, used 18437K [0x00000000f0000000, 0x00000000fdd80000, 0x0000000100000000)
  eden space 160768K, 0% used [0x00000000f0000000,0x00000000f0000000,0x00000000f9d00000)
  from space 27136K, 67% used [0x00000000f9d00000,0x00000000faf01410,0x00000000fb780000)
  to   space 28672K, 0% used [0x00000000fc180000,0x00000000fc180000,0x00000000fdd80000)
 ParOldGen       total 77312K, used 61327K [0x00000000d0000000, 0x00000000d4b80000, 0x00000000f0000000)
  object space 77312K, 79% used [0x00000000d0000000,0x00000000d3be3f20,0x00000000d4b80000)
 Metaspace       used 53909K, capacity 55110K, committed 55264K, reserved 1097728K
  class space    used 5954K, capacity 6327K, committed 6400K, reserved 1048576K
}
Event: 17.227 GC heap before
{Heap before GC invocations=81 (full 7):
 PSYoungGen      total 187904K, used 175595K [0x00000000f0000000, 0x00000000fdd80000, 0x0000000100000000)
  eden space 160768K, 97% used [0x00000000f0000000,0x00000000f9979b68,0x00000000f9d00000)
  from space 27136K, 67% used [0x00000000f9d00000,0x00000000faf01410,0x00000000fb780000)
  to   space 28672K, 0% used [0x00000000fc180000,0x00000000fc180000,0x00000000fdd80000)
 ParOldGen       total 77312K, used 61327K [0x00000000d0000000, 0x00000000d4b80000, 0x00000000f0000000)
  object space 77312K, 79% used [0x00000000d0000000,0x00000000d3be3f20,0x00000000d4b80000)
 Metaspace       used 55198K, capacity 56464K, committed 56672K, reserved 1099776K
  class space    used 6053K, capacity 6430K, committed 6528K, reserved 1048576K
Event: 17.260 GC heap after
Heap after GC invocations=81 (full 7):
 PSYoungGen      total 193536K, used 26648K [0x00000000f0000000, 0x00000000fe680000, 0x0000000100000000)
  eden space 164864K, 0% used [0x00000000f0000000,0x00000000f0000000,0x00000000fa100000)
  from space 28672K, 92% used [0x00000000fc180000,0x00000000fdb86190,0x00000000fdd80000)
  to   space 33280K, 0% used [0x00000000fa100000,0x00000000fa100000,0x00000000fc180000)
 ParOldGen       total 77312K, used 61335K [0x00000000d0000000, 0x00000000d4b80000, 0x00000000f0000000)
  object space 77312K, 79% used [0x00000000d0000000,0x00000000d3be5f20,0x00000000d4b80000)
 Metaspace       used 55198K, capacity 56464K, committed 56672K, reserved 1099776K
  class space    used 6053K, capacity 6430K, committed 6528K, reserved 1048576K
}
Event: 17.983 GC heap before
{Heap before GC invocations=82 (full 7):
 PSYoungGen      total 193536K, used 186306K [0x00000000f0000000, 0x00000000fe680000, 0x0000000100000000)
  eden space 164864K, 96% used [0x00000000f0000000,0x00000000f9bea870,0x00000000fa100000)
  from space 28672K, 92% used [0x00000000fc180000,0x00000000fdb86190,0x00000000fdd80000)
  to   space 33280K, 0% used [0x00000000fa100000,0x00000000fa100000,0x00000000fc180000)
 ParOldGen       total 77312K, used 61335K [0x00000000d0000000, 0x00000000d4b80000, 0x00000000f0000000)
  object space 77312K, 79% used [0x00000000d0000000,0x00000000d3be5f20,0x00000000d4b80000)
 Metaspace       used 56800K, capacity 58082K, committed 58464K, reserved 1101824K
  class space    used 6289K, capacity 6690K, committed 6784K, reserved 1048576K
Event: 18.006 GC heap after
Heap after GC invocations=82 (full 7):
 PSYoungGen      total 198144K, used 33265K [0x00000000f0000000, 0x00000000ff680000, 0x0000000100000000)
  eden space 164864K, 0% used [0x00000000f0000000,0x00000000f0000000,0x00000000fa100000)
  from space 33280K, 99% used [0x00000000fa100000,0x00000000fc17c540,0x00000000fc180000)
  to   space 38912K, 0% used [0x00000000fd080000,0x00000000fd080000,0x00000000ff680000)
 ParOldGen       total 77312K, used 61544K [0x00000000d0000000, 0x00000000d4b80000, 0x00000000f0000000)
  object space 77312K, 79% used [0x00000000d0000000,0x00000000d3c1a3e0,0x00000000d4b80000)
 Metaspace       used 56800K, capacity 58082K, committed 58464K, reserved 1101824K
  class space    used 6289K, capacity 6690K, committed 6784K, reserved 1048576K
}

